Performing C SOURCE FILE Test CMAKE_HAVE_LIBC_PTHREAD failed with the following output:
Change Dir: /home/lusha/github/MR_SLAM/LoopDetection/build/CMakeFiles/CMakeTmp

Run Build Command(s):/home/lusha/miniconda3/envs/rospy3/bin/make -f Makefile cmTC_7caaa/fast && /home/lusha/miniconda3/envs/rospy3/bin/make  -f CMakeFiles/cmTC_7caaa.dir/build.make CMakeFiles/cmTC_7caaa.dir/build
make[1]: 进入目录“/home/lusha/github/MR_SLAM/LoopDetection/build/CMakeFiles/CMakeTmp”
Building C object CMakeFiles/cmTC_7caaa.dir/src.c.o
/usr/bin/cc -DCMAKE_HAVE_LIBC_PTHREAD   -o CMakeFiles/cmTC_7caaa.dir/src.c.o -c /home/lusha/github/MR_SLAM/LoopDetection/build/CMakeFiles/CMakeTmp/src.c
Linking C executable cmTC_7caaa
/usr/local/bin/cmake -E cmake_link_script CMakeFiles/cmTC_7caaa.dir/link.txt --verbose=1
/usr/bin/cc -rdynamic CMakeFiles/cmTC_7caaa.dir/src.c.o -o cmTC_7caaa 
CMakeFiles/cmTC_7caaa.dir/src.c.o：在函数‘main’中：
src.c:(.text+0x3e)：对‘pthread_create’未定义的引用
src.c:(.text+0x4a)：对‘pthread_detach’未定义的引用
src.c:(.text+0x56)：对‘pthread_cancel’未定义的引用
src.c:(.text+0x67)：对‘pthread_join’未定义的引用
src.c:(.text+0x7b)：对‘pthread_atfork’未定义的引用
collect2: error: ld returned 1 exit status
make[1]: *** [CMakeFiles/cmTC_7caaa.dir/build.make:99：cmTC_7caaa] 错误 1
make[1]: 离开目录“/home/lusha/github/MR_SLAM/LoopDetection/build/CMakeFiles/CMakeTmp”
make: *** [Makefile:127：cmTC_7caaa/fast] 错误 2


Source file was:
#include <pthread.h>

static void* test_func(void* data)
{
  return data;
}

int main(void)
{
  pthread_t thread;
  pthread_create(&thread, NULL, test_func, NULL);
  pthread_detach(thread);
  pthread_cancel(thread);
  pthread_join(thread, NULL);
  pthread_atfork(NULL, NULL, NULL);
  pthread_exit(NULL);

  return 0;
}

Determining if the function pthread_create exists in the pthreads failed with the following output:
Change Dir: /home/lusha/github/MR_SLAM/LoopDetection/build/CMakeFiles/CMakeTmp

Run Build Command(s):/home/lusha/miniconda3/envs/rospy3/bin/make -f Makefile cmTC_78a6d/fast && /home/lusha/miniconda3/envs/rospy3/bin/make  -f CMakeFiles/cmTC_78a6d.dir/build.make CMakeFiles/cmTC_78a6d.dir/build
make[1]: 进入目录“/home/lusha/github/MR_SLAM/LoopDetection/build/CMakeFiles/CMakeTmp”
Building C object CMakeFiles/cmTC_78a6d.dir/CheckFunctionExists.c.o
/usr/bin/cc   -DCHECK_FUNCTION_EXISTS=pthread_create -o CMakeFiles/cmTC_78a6d.dir/CheckFunctionExists.c.o -c /usr/local/share/cmake-3.23/Modules/CheckFunctionExists.c
Linking C executable cmTC_78a6d
/usr/local/bin/cmake -E cmake_link_script CMakeFiles/cmTC_78a6d.dir/link.txt --verbose=1
/usr/bin/cc  -DCHECK_FUNCTION_EXISTS=pthread_create -rdynamic CMakeFiles/cmTC_78a6d.dir/CheckFunctionExists.c.o -o cmTC_78a6d  -lpthreads 
/usr/bin/ld: 找不到 -lpthreads
collect2: error: ld returned 1 exit status
make[1]: *** [CMakeFiles/cmTC_78a6d.dir/build.make:99：cmTC_78a6d] 错误 1
make[1]: 离开目录“/home/lusha/github/MR_SLAM/LoopDetection/build/CMakeFiles/CMakeTmp”
make: *** [Makefile:127：cmTC_78a6d/fast] 错误 2



